<?xml version="1.0" encoding="UTF-8"?>
<robot generator="Robot 3.2.2 (Python 3.9.6 on win32)" generated="20211015 20:30:47.225" rpa="false">
<suite id="s1" name="Goibibo" source="C:\Users\91988\PycharmProjects\RobotFramework\Tests\Goibibo.robot">
<test id="s1-t1" name="Search Hotels">
<kw name="Given I navigate to Goibibo.com" library="Goibibo_SD">
<kw name="Open Browser" library="SeleniumLibrary">
<doc>Opens a new browser instance to the optional ``url``.</doc>
<arguments>
<arg>https://goibibo.com</arg>
<arg>chrome</arg>
</arguments>
<msg timestamp="20211015 20:30:47.343" level="INFO">Opening browser 'chrome' to base url 'https://goibibo.com'.</msg>
<status status="PASS" starttime="20211015 20:30:47.343" endtime="20211015 20:30:51.393"></status>
</kw>
<kw name="Maximize Browser Window" library="SeleniumLibrary">
<doc>Maximizes current browser window.</doc>
<status status="PASS" starttime="20211015 20:30:51.393" endtime="20211015 20:30:51.562"></status>
</kw>
<status status="PASS" starttime="20211015 20:30:47.343" endtime="20211015 20:30:51.563"></status>
</kw>
<kw name="And I Click on Hotels Tab" library="Goibibo_SD">
<kw name="Navigate to Hotels Section" library="Goibibo_HomePage">
<kw name="Click Element" library="SeleniumLibrary">
<doc>Click the element identified by ``locator``.</doc>
<arguments>
<arg>${HOTELSTAB_XPATH}</arg>
</arguments>
<msg timestamp="20211015 20:30:51.568" level="INFO">Clicking element '//a[contains(@href,'hotels')]'.</msg>
<status status="PASS" starttime="20211015 20:30:51.568" endtime="20211015 20:30:53.102"></status>
</kw>
<status status="PASS" starttime="20211015 20:30:51.567" endtime="20211015 20:30:53.102"></status>
</kw>
<status status="PASS" starttime="20211015 20:30:51.565" endtime="20211015 20:30:53.102"></status>
</kw>
<kw name="And I Click on Domestic Hotels" library="Goibibo_SD">
<kw name="Select Domestic RadioButton" library="Goibibo_HotelsPage">
<kw name="Click Element" library="SeleniumLibrary">
<doc>Click the element identified by ``locator``.</doc>
<arguments>
<arg>${DOMESTIC_XPATH}</arg>
</arguments>
<msg timestamp="20211015 20:30:53.103" level="INFO">Clicking element '//h4[ text()='India' ]/preceding-sibling::input'.</msg>
<status status="PASS" starttime="20211015 20:30:53.103" endtime="20211015 20:30:53.230"></status>
</kw>
<status status="PASS" starttime="20211015 20:30:53.103" endtime="20211015 20:30:53.230"></status>
</kw>
<status status="PASS" starttime="20211015 20:30:53.103" endtime="20211015 20:30:53.230"></status>
</kw>
<kw name="And I Enter City as Goa" library="Goibibo_SD">
<kw name="Select Goa as Destination" library="Goibibo_HotelsPage">
<kw name="Input Text" library="SeleniumLibrary">
<doc>Types the given ``text`` into the text field identified by ``locator``.</doc>
<arguments>
<arg>${CITYINPUT_XPATH}</arg>
<arg>Goa</arg>
</arguments>
<msg timestamp="20211015 20:30:53.230" level="INFO">Typing text 'Goa' into text field '//input[ contains(@placeholder,'Hotel') or contains(@placeholder,'Area') ]'.</msg>
<status status="PASS" starttime="20211015 20:30:53.230" endtime="20211015 20:30:53.388"></status>
</kw>
<kw name="Sleep" library="BuiltIn">
<doc>Pauses the test executed for the given time.</doc>
<arguments>
<arg>1s</arg>
</arguments>
<msg timestamp="20211015 20:30:54.400" level="INFO">Slept 1 second</msg>
<status status="PASS" starttime="20211015 20:30:53.388" endtime="20211015 20:30:54.400"></status>
</kw>
<kw name="Click Element" library="SeleniumLibrary">
<doc>Click the element identified by ``locator``.</doc>
<arguments>
<arg>${CITYSUGGESTION_XPATH}</arg>
</arguments>
<msg timestamp="20211015 20:30:54.401" level="INFO">Clicking element '//ul[ @role = 'listbox' and @id = 'downshift-1-menu' ]/li'.</msg>
<status status="PASS" starttime="20211015 20:30:54.401" endtime="20211015 20:30:54.496"></status>
</kw>
<status status="PASS" starttime="20211015 20:30:53.230" endtime="20211015 20:30:54.496"></status>
</kw>
<status status="PASS" starttime="20211015 20:30:53.230" endtime="20211015 20:30:54.496"></status>
</kw>
<kw name="When I Click on Search Hotels" library="Goibibo_SD">
<kw name="Click Search Hotels Button" library="Goibibo_HotelsPage">
<kw name="Click Element" library="SeleniumLibrary">
<doc>Click the element identified by ``locator``.</doc>
<arguments>
<arg>${SEARCHBUTTON_XPATH}</arg>
</arguments>
<msg timestamp="20211015 20:30:54.501" level="INFO">Clicking element '//button[ text() = 'Search Hotels' ]'.</msg>
<status status="PASS" starttime="20211015 20:30:54.501" endtime="20211015 20:30:54.634"></status>
</kw>
<status status="PASS" starttime="20211015 20:30:54.496" endtime="20211015 20:30:54.634"></status>
</kw>
<status status="PASS" starttime="20211015 20:30:54.496" endtime="20211015 20:30:54.634"></status>
</kw>
<status status="PASS" starttime="20211015 20:30:47.343" endtime="20211015 20:30:54.634" critical="yes"></status>
</test>
<status status="PASS" starttime="20211015 20:30:47.225" endtime="20211015 20:30:54.634"></status>
</suite>
<statistics>
<total>
<stat pass="1" fail="0">Critical Tests</stat>
<stat pass="1" fail="0">All Tests</stat>
</total>
<tag>
</tag>
<suite>
<stat pass="1" fail="0" id="s1" name="Goibibo">Goibibo</stat>
</suite>
</statistics>
<errors>
</errors>
</robot>
